#Build: Fabric Compiler 2022.2, Build 117120, Mar 16 10:58 2023
#Install: /anlabeda/pds/2022.2/bin
#Application name: pds
#OS: Centos 7 3.10.0-1160.88.1.el7.x86_64
#Hostname: anlab012
Generated by Fabric Compiler (version 2022.2 build 117120) at Fri Oct 27 15:01:38 2023
Parse module hierarchy of project '/anlab/stuhome/zngz17/Lab_work/Float_point/pds_ip_10_27/temp_projects/Main_Flow/Main_Flow.pds' (TEXT Parser)
Customize IP 'flt_pds2' ...
C: Flow-2008: IP file modified: "/anlab/stuhome/zngz17/Lab_work/Float_point/pds_ip_10_27/ipcore/flt_pds2/flt_pds2.idf". 
Parse module hierarchy of project '/anlab/stuhome/zngz17/Lab_work/Float_point/pds_ip_10_27/temp_projects/Main_Flow/Main_Flow.pds' (TEXT Parser)
C: Flow-2008: IP file modified: "/anlab/stuhome/zngz17/Lab_work/Float_point/pds_ip_10_27/ipcore/flt_pds2/flt_pds2.idf". 
Parse module hierarchy of project '/anlab/stuhome/zngz17/Lab_work/Float_point/pds_ip_10_27/temp_projects/Main_Flow/Main_Flow.pds' (ADS Parser)
IP Compiler exited.
E: Verilog-4088: [/anlab/stuhome/zngz17/Lab_work/Float_point/pds_ip_10_27/ipcore/flt_pds2/rtl/synplify/exp/ipsxe_floating_point_exp_16_axi_v1_0.v(line number: 138)] Index 7 of up_value is out of range
Parse module hierarchy of project '/anlab/stuhome/zngz17/Lab_work/Float_point/pds_ip_10_27/temp_projects/Main_Flow/Main_Flow.pds' (ADS Parser)
E: Verilog-4119: [/anlab/stuhome/zngz17/Lab_work/Float_point/pds_ip_10_27/ipcore/flt_pds2/rtl/synplify/ipsxe_floating_point_fp_15ops_v1_0.v(line number: 410)] Referenced port name 'i_opa_in' was not defined in module 'ipsxe_floating_point_div_inv_v1_0'
Parse module hierarchy of project '/anlab/stuhome/zngz17/Lab_work/Float_point/pds_ip_10_27/temp_projects/Main_Flow/Main_Flow.pds' (ADS Parser)
E: Verilog-4088: [/anlab/stuhome/zngz17/Lab_work/Float_point/pds_ip_10_27/ipcore/flt_pds2/rtl/synplify/exp/ipsxe_floating_point_exp_16_axi_v1_0.v(line number: 138)] Index 7 of up_value is out of range
Parse module hierarchy of project '/anlab/stuhome/zngz17/Lab_work/Float_point/pds_ip_10_27/temp_projects/Main_Flow/Main_Flow.pds' (ADS Parser)
E: Verilog-4088: [/anlab/stuhome/zngz17/Lab_work/Float_point/pds_ip_10_27/ipcore/flt_pds2/rtl/synplify/exp/ipsxe_floating_point_exp_16_axi_v1_0.v(line number: 138)] Index 7 of up_value is out of range
Parse module hierarchy of project '/anlab/stuhome/zngz17/Lab_work/Float_point/pds_ip_10_27/temp_projects/Main_Flow/Main_Flow.pds' (ADS Parser)
E: Verilog-4088: [/anlab/stuhome/zngz17/Lab_work/Float_point/pds_ip_10_27/ipcore/flt_pds2/rtl/synplify/exp/ipsxe_floating_point_exp_16_axi_v1_0.v(line number: 138)] Index 7 of up_value is out of range
Parse module hierarchy of project '/anlab/stuhome/zngz17/Lab_work/Float_point/pds_ip_10_27/temp_projects/Main_Flow/Main_Flow.pds' (ADS Parser)
E: Verilog-4088: [/anlab/stuhome/zngz17/Lab_work/Float_point/pds_ip_10_27/ipcore/flt_pds2/rtl/synplify/exp/ipsxe_floating_point_exp_16_axi_v1_0.v(line number: 138)] Index 7 of up_value is out of range
Parse module hierarchy of project '/anlab/stuhome/zngz17/Lab_work/Float_point/pds_ip_10_27/temp_projects/Main_Flow/Main_Flow.pds' (ADS Parser)
E: Verilog-4088: [/anlab/stuhome/zngz17/Lab_work/Float_point/pds_ip_10_27/ipcore/flt_pds2/rtl/synplify/exp/ipsxe_floating_point_exp_16_axi_v1_0.v(line number: 138)] Index 7 of up_value is out of range
Parse module hierarchy of project '/anlab/stuhome/zngz17/Lab_work/Float_point/pds_ip_10_27/temp_projects/Main_Flow/Main_Flow.pds' (ADS Parser)
E: Verilog-4088: [/anlab/stuhome/zngz17/Lab_work/Float_point/pds_ip_10_27/ipcore/flt_pds2/rtl/synplify/exp/ipsxe_floating_point_exp_16_axi_v1_0.v(line number: 138)] Index 7 of up_value is out of range
Parse module hierarchy of project '/anlab/stuhome/zngz17/Lab_work/Float_point/pds_ip_10_27/temp_projects/Main_Flow/Main_Flow.pds' (ADS Parser)
E: Verilog-4088: [/anlab/stuhome/zngz17/Lab_work/Float_point/pds_ip_10_27/ipcore/flt_pds2/rtl/synplify/exp/ipsxe_floating_point_exp_16_axi_v1_0.v(line number: 138)] Index 7 of up_value is out of range
Parse module hierarchy of project '/anlab/stuhome/zngz17/Lab_work/Float_point/pds_ip_10_27/temp_projects/Main_Flow/Main_Flow.pds' (ADS Parser)
E: Verilog-4088: [/anlab/stuhome/zngz17/Lab_work/Float_point/pds_ip_10_27/ipcore/flt_pds2/rtl/synplify/exp/ipsxe_floating_point_exp_16_axi_v1_0.v(line number: 138)] Index 7 of up_value is out of range
Parse module hierarchy of project '/anlab/stuhome/zngz17/Lab_work/Float_point/pds_ip_10_27/temp_projects/Main_Flow/Main_Flow.pds' (ADS Parser)
E: Verilog-4088: [/anlab/stuhome/zngz17/Lab_work/Float_point/pds_ip_10_27/ipcore/flt_pds2/rtl/synplify/exp/ipsxe_floating_point_exp_16_axi_v1_0.v(line number: 138)] Index 7 of up_value is out of range
