-----------------------------------------------------------------------------------------------------------------------------------------------------------------------------------------
Notes: 
  Total_num: the numbers of add/sub in rtl
  Module Name: the module name of the instantiated module calling directly the add/sub sub module
  Location/Inst Name: if linefile info exists(no optimization), print the codes location of add/sub in rtl, else print the inst name
  Count: the amount of lutcarry for add/sub
  Number: the numbers of add/sub with the same lutcarry counts and linefile

Detailed RTL Component Info :
-----Add :
               Total_Num :1
-----Sub :
               Total_Num :1
-----AddSub :
               Total_Num :0

Add_Sub_AddSub: Initial Mapping Report :
|-----------------------------------------------|---------|---------|---------|----------------------------------------------------------------------------|
|Module Name                                    |Type     |Count    |Number   |Location/Inst Name                                                          |
|-----------------------------------------------|---------|---------|---------|----------------------------------------------------------------------------|
|u_reci                                         |Add      |26       |1        |../ipcore/flt_pds2/rtl/synplify/div_inv/reci_5.v:227                        |
|-----------------------------------------------|---------|---------|---------|----------------------------------------------------------------------------|
|ipsxe_floating_point_div_inv_v1_0              |Sub      |9        |1        |N21_3                                                                       |
|-----------------------------------------------|---------|---------|---------|----------------------------------------------------------------------------|

-----------------------------------------------------------------------------------------------------------------------------------------------------------------------------------------

