-------------------------------------------------------------------------------------------------------------------------------------------------------------------------------------------------------------------------------------------------------------------------
Detailed RTL Component Info :
-----Module Name :
                    ipsxe_floating_point_div_inv_v1_0

-----Multipliers :
                    6 x 7     Multipliers := 1
                    13 x 24     Multipliers := 1
                    24 x 13     Multipliers := 1
                    24 x 24     Multipliers := 1
                    26 x 24     Multipliers := 1

-----Adders :

APM: Final Mapping Report
|-------------------|-----------------------------|--------------|--------------|---------|---------|---------|---------|---------|---------|---------|---------|--------------|--------------|--------------|--------------|--------------|--------------|
| APM Inst Name     | APM Cascade                 | X Size       | Y Size       | Z Size  | XB Size | P Size  | X_REG   | Y_REG   | Z_REG   | XB_REG  | P_REG   | MULT_REG     | PREADD_REG   | USE_PREADD   | USE_POSTADD  | USE_MULT     | Primitives   |
|-------------------|-----------------------------|--------------|--------------|---------|---------|---------|---------|---------|---------|---------|---------|--------------|--------------|--------------|--------------|--------------|--------------|
| u_reci/N10        | /                           | 24(unsigned) | 13(unsigned) | /       | /       | 36      | 0       | 0       | /       | /       | 0       | 0            | 0            | 0            | 0            | 1            | GTP_APM_E2   |
|-------------------|-----------------------------|--------------|--------------|---------|---------|---------|---------|---------|---------|---------|---------|--------------|--------------|--------------|--------------|--------------|--------------|
| u_reci/N21        | /                           | 24(unsigned) | 13(unsigned) | /       | /       | 36      | 0       | 0       | /       | /       | 0       | 0            | 0            | 0            | 0            | 1            | GTP_APM_E2   |
|-------------------|-----------------------------|--------------|--------------|---------|---------|---------|---------|---------|---------|---------|---------|--------------|--------------|--------------|--------------|--------------|--------------|
| u_reci/N38_m1     | CPO>>17 + u_reci/N38_m2     | 24(unsigned) | 17(unsigned) | /       | /       | 1       | 0       | 0       | /       | /       | 0       | 0            | 0            | 0            | 0            | 1            | GTP_APM_E2   |
|-------------------|-----------------------------|--------------|--------------|---------|---------|---------|---------|---------|---------|---------|---------|--------------|--------------|--------------|--------------|--------------|--------------|
| u_reci/N32_m2     | /                           | 24(unsigned) | 7(unsigned)  | /       | /       | 30      | 0       | 0       | /       | /       | 0       | 0            | 0            | 0            | 1            | 1            | GTP_APM_E2   |
|-------------------|-----------------------------|--------------|--------------|---------|---------|---------|---------|---------|---------|---------|---------|--------------|--------------|--------------|--------------|--------------|--------------|
| u_reci/N38_m2     | /                           | 24(unsigned) | 9(unsigned)  | /       | /       | 30      | 0       | 0       | /       | /       | 0       | 0            | 0            | 0            | 1            | 1            | GTP_APM_E2   |
|-------------------|-----------------------------|--------------|--------------|---------|---------|---------|---------|---------|---------|---------|---------|--------------|--------------|--------------|--------------|--------------|--------------|
| u_reci/N32_m1     | CPO>>17 + u_reci/N32_m2     | 24(unsigned) | 17(unsigned) | /       | /       | 1       | 0       | 0       | /       | /       | 0       | 0            | 0            | 0            | 0            | 1            | GTP_APM_E2   |
|-------------------|-----------------------------|--------------|--------------|---------|---------|---------|---------|---------|---------|---------|---------|--------------|--------------|--------------|--------------|--------------|--------------|

-------------------------------------------------------------------------------------------------------------------------------------------------------------------------------------------------------------------------------------------------------------------------

