#Build: Fabric Compiler 2022.2, Build 117120, Mar 16 10:58 2023
#Install: /anlabeda/pds/2022.2/bin
#Application name: pds_shell
#OS: Centos 7 3.10.0-1160.88.1.el7.x86_64
#Hostname: anlab012
Generated by Fabric Compiler (version 2022.2 build 117120) at Fri Nov 10 21:13:11 2023
Compiling verification operator library.
Compiling common defs.
Loading technology operator library.
Compiling technology operator library.
Compiling technology operator (valence) library.
Compiling operator packing rules.
Compiling prim grid devices.
Compiling gate devices.
Compiling gate operators.
Compiling tech operator impls.
Building architecture model.
Loading device packaging model.
W: ConstraintEditor-4019: Port Bus 'i_op_in' unspecified I/O constraint.
W: ConstraintEditor-4019: Port Bus 'o_resul' unspecified I/O constraint.
W: ConstraintEditor-4019: Port 'i_aclken' unspecified I/O constraint.
W: ConstraintEditor-4019: Port 'i_areset_n' unspecified I/O constraint.
W: ConstraintEditor-4019: Port 'i_clk' unspecified I/O constraint.
W: ConstraintEditor-4019: Port 'i_tvalid' unspecified I/O constraint.
W: ConstraintEditor-4019: Port 'o_divide_by_zero' unspecified I/O constraint.
W: ConstraintEditor-4019: Port 'o_q_valid' unspecified I/O constraint.
W: ConstraintEditor-4019: Port 'o_underflow' unspecified I/O constraint.
Flattening design 'ipsxe_floating_point_div_inv_v1_0'
Device mapping started.
Optimizing circuit logic.
Checking design netlist.
Processing tech operator.
Converting tech operator to gate operator.
Processing gate operator.
I: Infer CARRY group, base inst: N21_3.fsub_0/gateop, insts:9.
I: Infer CARRY group, base inst: u_reci/N13_1_1/gateop, insts:23.
I: Infer CARRY group, base inst: u_reci/N22_1_1/gateop, insts:23.
I: Infer CARRY group, base inst: u_reci/N31_1_1/gateop, insts:25.
I: Infer CARRY group, base inst: u_reci/N37_3_0/gateop, insts:24.
I: Infer CARRY group, base inst: u_reci/N28_m1/gopapm, insts:2.
I: Infer CARRY group, base inst: u_reci/N34_m1/gopapm, insts:2.
Device Utilization Summary:
+------------------------------------------------------------------------+
| Logic Utilization     | Used     | Available     | Utilization(%)     
+------------------------------------------------------------------------+
| APM                   | 9        | 840           | 2                  
| FF                    | 0        | 487200        | 0                  
| LUT                   | 126      | 243600        | 1                  
| Distributed RAM       | 0        | 75400         | 0                  
| DRM                   | 0        | 480           | 0                  
| IO                    | 68       | 500           | 14                 
| RCKB                  | 0        | 40            | 0                  
| SCANCHAIN             | 0        | 1             | 0                  
| USCM                  | 0        | 32            | 0                  
| CCS                   | 1        | 1             | 100                
| ADC                   | 0        | 1             | 0                  
| RESCAL                | 0        | 3             | 0                  
| DDR_PHY               | 0        | 40            | 0                  
| GPLL                  | 0        | 10            | 0                  
| PPLL                  | 0        | 10            | 0                  
| DDRPHY_CPD            | 0        | 20            | 0                  
| HCKB                  | 0        | 168           | 0                  
| IOCKB                 | 0        | 40            | 0                  
| MRCKB                 | 0        | 20            | 0                  
| DDRPHY_IOCLK_DIV      | 0        | 10            | 0                  
| ANALOG                | 0        | 1             | 0                  
| TSERDES               | 0        | 56            | 0                  
| KEYRAM                | 0        | 1             | 0                  
| HSSTHP                | 0        | 4             | 0                  
| PCIEGEN3              | 0        | 1             | 0                  
+------------------------------------------------------------------------+

Device mapping done.
Total device mapping takes 0.10 sec.

Design 'ipsxe_floating_point_div_inv_v1_0' has been successfully mapped to architecture-specific objects.
Saving design to DB.
Action dev_map: Real time elapsed is 0h:0m:25s
Action dev_map: CPU time elapsed is 0h:0m:23s
Action dev_map: Process CPU time elapsed is 0h:0m:23s
Current time: Fri Nov 10 21:13:34 2023
Action dev_map: Peak memory pool usage is 431 MB
