#Build: Design Editor 2022.2, Build 117120, Mar 16 10:58 2023
#Install: /anlabeda/pds/2022.2/bin
#Application name: de
#OS: Centos 7 3.10.0-1160.88.1.el7.x86_64
#Hostname: anlab012
Generated by Design Editor (version 2022.2 build 117120) at Fri Nov 10 21:15:23 2023
Compiling verification operator library.
Compiling common defs.
Compiling prim grid devices.
Compiling prim grid device symbols.
Compiling gate devices.
Compiling gate operators.
Building architecture model.
Loading device packaging model.
Building architecture floorplan logic view.
Building architecture schematic structure.
Building architecture floorplan schematic view.
Loading the wires...
Loading the device ...
M_PROCESS_FINISH_STARTED

Import Design DB finished.
Loading wires finished.
W: Flow-4026: timing design DB file is not found.
