IP Generator (Version 2022.2 build 117120)
Check out license ...
Start generating at 2023-10-27 15:02
Instance: flt_pds2 (/anlab/stuhome/zngz17/Lab_work/Float_point/pds_ip_10_27/ipcore/flt_pds2/flt_pds2.idf)
IP: Pango Floating Point (1.0)
Part: Titan2-PG2T390H-FFBG900--6
Create directory 'rtl' ...
Create directory 'example_design' ...
Create directory 'pnr' ...
Create directory 'spyglass' ...
Create directory 'onboard' ...
Create directory 'onboard_blocking' ...
Create directory 'onboard_tlast_tuser' ...
Copy 'rtl/synplify' to 'rtl' ...
Copy 'example_design/bench' to 'example_design' ...
Copy 'example_design/rtl' to 'example_design' ...
Copy 'pnr/core_only' to 'pnr' ...
Copy 'pnr/example_design' to 'pnr' ...
Copy 'spyglass/filelist.f.xml' to 'spyglass' ...
Copy 'spyglass/fp.prj.xml' to 'spyglass' ...
Copy 'spyglass/fp.sgdc.xml' to 'spyglass' ...
Copy 'spyglass/Makefile.xml' to 'spyglass' ...
Copy 'onboard/filelist.f.xml' to 'onboard' ...
Copy 'onboard/floating_point_wrapper_onboard.v.xml' to 'onboard' ...
Copy 'onboard/floating_point_wrapper_onboard_tb.v.xml' to 'onboard' ...
Copy 'onboard/Makefile.xml' to 'onboard' ...
Copy 'onboard/pds' to 'onboard' ...
Copy 'onboard/rtl' to 'onboard' ...
Copy 'onboard_blocking/filelist.f.xml' to 'onboard_blocking' ...
Copy 'onboard_blocking/floating_point_rom_a.v' to 'onboard_blocking' ...
Copy 'onboard_blocking/floating_point_rom_abcop_tvalid_result_tready.v' to 'onboard_blocking' ...
Copy 'onboard_blocking/floating_point_rom_addr_counter.v' to 'onboard_blocking' ...
Copy 'onboard_blocking/floating_point_rom_b.v' to 'onboard_blocking' ...
Copy 'onboard_blocking/floating_point_rom_c.v' to 'onboard_blocking' ...
Copy 'onboard_blocking/floating_point_rom_operation.v' to 'onboard_blocking' ...
Copy 'onboard_blocking/floating_point_wrapper_onboard_blocking.v.xml' to 'onboard_blocking' ...
Copy 'onboard_blocking/floating_point_wrapper_onboard_blocking_tb.v.xml' to 'onboard_blocking' ...
Copy 'onboard_blocking/Makefile.xml' to 'onboard_blocking' ...
Copy 'onboard_tlast_tuser/filelist.f.xml' to 'onboard_tlast_tuser' ...
Copy 'onboard_tlast_tuser/floating_point_rom_a.v' to 'onboard_tlast_tuser' ...
Copy 'onboard_tlast_tuser/floating_point_rom_addr_counter.v' to 'onboard_tlast_tuser' ...
Copy 'onboard_tlast_tuser/floating_point_rom_b.v' to 'onboard_tlast_tuser' ...
Copy 'onboard_tlast_tuser/floating_point_rom_c.v' to 'onboard_tlast_tuser' ...
Copy 'onboard_tlast_tuser/floating_point_rom_operation.v' to 'onboard_tlast_tuser' ...
Copy 'onboard_tlast_tuser/floating_point_rom_tlast_tuser.v' to 'onboard_tlast_tuser' ...
Copy 'onboard_tlast_tuser/floating_point_wrapper_onboard_tlast_tuser.v.xml' to 'onboard_tlast_tuser' ...
Copy 'onboard_tlast_tuser/floating_point_wrapper_onboard_tlast_tuser_tb.v.xml' to 'onboard_tlast_tuser' ...
Copy 'onboard_tlast_tuser/Makefile.xml' to 'onboard_tlast_tuser' ...
Copy 'floating_point_wrapper_tb.v.xml' ...
Copy 'floating_point_wrapper_blocking_tb.v.xml' ...
Copy 'filelist.f.xml' ...
Copy 'Makefile.xml' ...
Copy 'fp_test_0p5ulp.py' ...
Copy 'fp_test.py' ...
Copy 'ipsxe_floating_point_wrapper_v1_0.v.xml' ...
Compile file 'ipsxe_floating_point_wrapper_v1_0.v.xml' to 'flt_pds2.v' ...
Found top module 'flt_pds2' in file 'flt_pds2.v'.
Compile file 'example_design/bench/ipsxe_floating_point_onboard_top_tb.v.xml' to 'example_design/bench/flt_pds2_onboard_top_tb.v' ...
Compile file 'example_design/rtl/ipsxe_floating_point_onboard_top.v.xml' to 'example_design/rtl/flt_pds2_onboard_top.v' ...
Compile file 'pnr/core_only/ipsxe_floating_point_core_only.v.xml' to 'pnr/core_only/flt_pds2_core_only.v' ...
Compile file 'floating_point_wrapper_tb.v.xml' to 'flt_pds2_tb.v' ...
Compile file 'floating_point_wrapper_blocking_tb.v.xml' to 'flt_pds2_blocking_tb.v' ...
Compile file 'filelist.f.xml' to 'filelist.f' ...
Compile file 'Makefile.xml' to 'Makefile' ...
Compile file 'spyglass/fp.sgdc.xml' to 'spyglass/flt_pds2.sgdc' ...
Compile file 'spyglass/filelist.f.xml' to 'spyglass/filelist.f' ...
Compile file 'spyglass/fp.prj.xml' to 'spyglass/flt_pds2.prj' ...
Compile file 'spyglass/Makefile.xml' to 'spyglass/Makefile' ...
Compile file 'onboard/floating_point_wrapper_onboard_tb.v.xml' to 'onboard/flt_pds2_onboard_tb.v' ...
Compile file 'onboard/floating_point_wrapper_onboard.v.xml' to 'onboard/flt_pds2_onboard.v' ...
Compile file 'onboard/filelist.f.xml' to 'onboard/filelist.f' ...
Compile file 'onboard/Makefile.xml' to 'onboard/Makefile' ...
Compile file 'onboard_blocking/floating_point_wrapper_onboard_blocking_tb.v.xml' to 'onboard_blocking/flt_pds2_onboard_blocking_tb.v' ...
Compile file 'onboard_blocking/floating_point_wrapper_onboard_blocking.v.xml' to 'onboard_blocking/flt_pds2_onboard_blocking.v' ...
Compile file 'onboard_blocking/filelist.f.xml' to 'onboard_blocking/filelist.f' ...
Compile file 'onboard_blocking/Makefile.xml' to 'onboard_blocking/Makefile' ...
Compile file 'onboard_tlast_tuser/floating_point_wrapper_onboard_tlast_tuser_tb.v.xml' to 'onboard_tlast_tuser/flt_pds2_onboard_tlast_tuser_tb.v' ...
Compile file 'onboard_tlast_tuser/floating_point_wrapper_onboard_tlast_tuser.v.xml' to 'onboard_tlast_tuser/flt_pds2_onboard_tlast_tuser.v' ...
Compile file 'onboard_tlast_tuser/filelist.f.xml' to 'onboard_tlast_tuser/filelist.f' ...
Compile file 'onboard_tlast_tuser/Makefile.xml' to 'onboard_tlast_tuser/Makefile' ...
Run file 'createFiles.tcl' ...
Create template file 'flt_pds2_tmpl.v' ...
Create template file 'flt_pds2_tmpl.vhdl' ...
There are 122 source files to synthesize.
Synthesis is disabled.
Done: 0 error(s), 0 warning(s)
